Start testing: May 11 22:59 MSK
----------------------------------------------------------
1/1 Testing: check
1/1 Test: check
Command: "/home/kirill/lapsizm/workspace/projects/suptertask/_builds/default/check"
Directory: /home/kirill/lapsizm/workspace/projects/suptertask/_builds/default
"check" start time: May 11 22:59 MSK
Output:
----------------------------------------------------------
Running main() from /home/kirill/.hunter/_Base/35fa55b/6a68b05/b78b2c5/Build/GTest/Source/googletest/src/gtest_main.cc
[==========] Running 1 test from 1 test suite.
[----------] Global test environment set-up.
[----------] 1 test from TEST
[ RUN      ] TEST.HEX
[       OK ] TEST.HEX (0 ms)
[----------] 1 test from TEST (0 ms total)

[----------] Global test environment tear-down
[==========] 1 test from 1 test suite ran. (0 ms total)
[  PASSED  ] 1 test.
<end of output>
Test time =   0.01 sec
----------------------------------------------------------
Test Passed.
"check" end time: May 11 22:59 MSK
"check" time elapsed: 00:00:00
----------------------------------------------------------

End testing: May 11 22:59 MSK
